<?xml version="1.0" ?>
<coverage branch-rate="0" line-rate="1" timestamp="1488522984203" version="4.3.4">
	<!-- Generated by coverage.py: https://coverage.readthedocs.io -->
	<!-- Based on https://raw.githubusercontent.com/cobertura/web/f0366e5e2cf18f111cbd61fc34ef720a6584ba02/htdocs/xml/coverage-03.dtd -->
	<sources>
		<source>/home/shubhankit/python_test</source>
	</sources>
	<packages>
		<package branch-rate="0" complexity="0" line-rate="1" name=".">
			<classes>
				<class branch-rate="0" complexity="0" filename="coverage.xml" line-rate="1" name="coverage.xml">
					<methods/>
					<lines/>
				</class>
			</classes>
		</package>
	</packages>
</coverage>
